<?xml version="1.0" encoding="UTF-8"?>
<testng-results ignored="0" total="1" passed="1" failed="0" skipped="0">
  <reporter-output>
  </reporter-output>
  <suite started-at="2022-12-21T00:42:16Z" name="Suite1" finished-at="2022-12-21T00:42:17Z" duration-ms="615">
    <groups>
      <group name="cucumber">
        <method signature="AbstractTestNGCucumberTests.runScenario(io.cucumber.testng.PickleWrapper, io.cucumber.testng.FeatureWrapper)[pri:0, instance:runner.TestRunner@51133c06]" name="runScenario" class="io.cucumber.testng.AbstractTestNGCucumberTests"/>
      </group> <!-- cucumber -->
    </groups>
    <test started-at="2022-12-21T00:42:16Z" name="Nopackage" finished-at="2022-12-21T00:42:17Z" duration-ms="615">
      <class name="runner.TestRunner">
        <test-method is-config="true" signature="setUpClass()[pri:0, instance:runner.TestRunner@51133c06]" started-at="2022-12-21T00:42:16Z" name="setUpClass" finished-at="2022-12-21T00:42:17Z" duration-ms="359" status="PASS">
          <reporter-output>
          </reporter-output>
        </test-method> <!-- setUpClass -->
        <test-method signature="runScenario(io.cucumber.testng.PickleWrapper, io.cucumber.testng.FeatureWrapper)[pri:0, instance:runner.TestRunner@51133c06]" started-at="2022-12-21T00:42:17Z" name="runScenario" description="Runs Cucumber Scenarios" data-provider="scenarios" finished-at="2022-12-21T00:42:17Z" duration-ms="224" status="PASS">
          <params>
            <param index="0">
              <value>
                <![CDATA["Log in to OpenEMR with valid input"]]>
              </value>
            </param>
            <param index="1">
              <value>
                <![CDATA["Optional[Log in to OpenEMR]"]]>
              </value>
            </param>
          </params>
          <reporter-output>
          </reporter-output>
        </test-method> <!-- runScenario -->
        <test-method is-config="true" signature="tearDownClass()[pri:0, instance:runner.TestRunner@51133c06]" started-at="2022-12-21T00:42:17Z" name="tearDownClass" finished-at="2022-12-21T00:42:17Z" duration-ms="11" status="PASS">
          <reporter-output>
          </reporter-output>
        </test-method> <!-- tearDownClass -->
      </class> <!-- runner.TestRunner -->
    </test> <!-- Nopackage -->
  </suite> <!-- Suite1 -->
</testng-results>
